<?xml version="1.0" encoding="UTF-8"?>
<testsuite xmlns:xsi="http://www.w3.org/2001/XMLSchema-instance" xsi:noNamespaceSchemaLocation="https://maven.apache.org/surefire/maven-surefire-plugin/xsd/surefire-test-report.xsd" name="com.bibit.tests.BibitTestSuite" time="3.746" tests="4" errors="0" skipped="0" failures="0">
  <properties>
[...]
</properties>
  <testcase name="bibitPost" classname="com.bibit.tests.BibitPostTest" time="1.72"/>
  <testcase name="bibitUpdate" classname="com.bibit.tests.BibitUpdateTest" time="0.808"/>
  <testcase name="bibitGet" classname="com.bibit.tests.BibitGetTest" time="0.136"/>
  <testcase name="bibitDelete" classname="com.bibit.tests.BibitDeleteTest" time="0.76"/>
</testsuite>